<?xml version="1.0" encoding="UTF-8"?>
<testng-results ignored="2" total="15" passed="13" failed="0" skipped="0">
  <reporter-output>
  </reporter-output>
  <suite started-at="2022-04-25T23:19:26 IST" name="restassuredframework1_Suite" finished-at="2022-04-25T23:19:42 IST" duration-ms="16244">
    <groups>
    </groups>
    <test started-at="2022-04-25T23:19:26 IST" name="restassured_Test " finished-at="2022-04-25T23:19:42 IST" duration-ms="16244">
      <class name="com.users.testcases.TC_03_Post_SingleUser">
        <test-method is-config="true" signature="createUser()[pri:0, instance:com.users.testcases.TC_03_Post_SingleUser@67a20f67]" started-at="2022-04-25T23:19:37 IST" name="createUser" finished-at="2022-04-25T23:19:40 IST" duration-ms="3676" status="PASS">
          <reporter-output>
          </reporter-output>
        </test-method> <!-- createUser -->
        <test-method signature="checkContentType()[pri:0, instance:com.users.testcases.TC_03_Post_SingleUser@67a20f67]" started-at="2022-04-25T23:19:40 IST" name="checkContentType" finished-at="2022-04-25T23:19:40 IST" duration-ms="5" status="PASS">
          <reporter-output>
          </reporter-output>
        </test-method> <!-- checkContentType -->
        <test-method signature="checkResponseBody()[pri:0, instance:com.users.testcases.TC_03_Post_SingleUser@67a20f67]" started-at="2022-04-25T23:19:40 IST" name="checkResponseBody" finished-at="2022-04-25T23:19:40 IST" duration-ms="3" status="PASS">
          <reporter-output>
          </reporter-output>
        </test-method> <!-- checkResponseBody -->
        <test-method signature="checkResponsetime()[pri:0, instance:com.users.testcases.TC_03_Post_SingleUser@67a20f67]" started-at="2022-04-25T23:19:40 IST" name="checkResponsetime" finished-at="2022-04-25T23:19:40 IST" duration-ms="1" status="PASS">
          <reporter-output>
          </reporter-output>
        </test-method> <!-- checkResponsetime -->
        <test-method signature="checkStatusCode()[pri:0, instance:com.users.testcases.TC_03_Post_SingleUser@67a20f67]" started-at="2022-04-25T23:19:40 IST" name="checkStatusCode" finished-at="2022-04-25T23:19:40 IST" duration-ms="2" status="PASS">
          <reporter-output>
          </reporter-output>
        </test-method> <!-- checkStatusCode -->
        <test-method signature="checkUserNameField()[pri:0, instance:com.users.testcases.TC_03_Post_SingleUser@67a20f67]" started-at="2022-04-25T23:19:40 IST" name="checkUserNameField" finished-at="2022-04-25T23:19:42 IST" duration-ms="1977" status="PASS">
          <reporter-output>
          </reporter-output>
        </test-method> <!-- checkUserNameField -->
        <test-method is-config="true" signature="teardown()[pri:0, instance:com.users.testcases.TC_03_Post_SingleUser@67a20f67]" started-at="2022-04-25T23:19:42 IST" name="teardown" finished-at="2022-04-25T23:19:42 IST" duration-ms="0" status="PASS">
          <reporter-output>
          </reporter-output>
        </test-method> <!-- teardown -->
      </class> <!-- com.users.testcases.TC_03_Post_SingleUser -->
      <class name="com.users.testcases.TC_01_Get_All_Users">
        <test-method is-config="true" signature="setup()[pri:0, instance:com.users.testcases.TC_01_Get_All_Users@63021689]" started-at="2022-04-25T23:19:26 IST" name="setup" finished-at="2022-04-25T23:19:26 IST" duration-ms="24" status="PASS">
          <reporter-output>
          </reporter-output>
        </test-method> <!-- setup -->
        <test-method is-config="true" signature="getAllEmployees()[pri:0, instance:com.users.testcases.TC_01_Get_All_Users@63021689]" started-at="2022-04-25T23:19:26 IST" name="getAllEmployees" finished-at="2022-04-25T23:19:33 IST" duration-ms="6569" status="PASS">
          <reporter-output>
          </reporter-output>
        </test-method> <!-- getAllEmployees -->
        <test-method signature="checkContentType()[pri:0, instance:com.users.testcases.TC_01_Get_All_Users@63021689]" started-at="2022-04-25T23:19:33 IST" name="checkContentType" finished-at="2022-04-25T23:19:33 IST" duration-ms="14" status="PASS">
          <reporter-output>
          </reporter-output>
        </test-method> <!-- checkContentType -->
        <test-method signature="checkResponseBody()[pri:0, instance:com.users.testcases.TC_01_Get_All_Users@63021689]" started-at="2022-04-25T23:19:33 IST" name="checkResponseBody" finished-at="2022-04-25T23:19:33 IST" duration-ms="69" status="PASS">
          <reporter-output>
          </reporter-output>
        </test-method> <!-- checkResponseBody -->
        <test-method signature="checkResponsetime()[pri:0, instance:com.users.testcases.TC_01_Get_All_Users@63021689]" started-at="2022-04-25T23:19:33 IST" name="checkResponsetime" finished-at="2022-04-25T23:19:33 IST" duration-ms="9" status="PASS">
          <reporter-output>
          </reporter-output>
        </test-method> <!-- checkResponsetime -->
        <test-method signature="checkStatusCode()[pri:0, instance:com.users.testcases.TC_01_Get_All_Users@63021689]" started-at="2022-04-25T23:19:33 IST" name="checkStatusCode" finished-at="2022-04-25T23:19:33 IST" duration-ms="4" status="PASS">
          <reporter-output>
          </reporter-output>
        </test-method> <!-- checkStatusCode -->
        <test-method is-config="true" signature="teardown()[pri:0, instance:com.users.testcases.TC_01_Get_All_Users@63021689]" started-at="2022-04-25T23:19:33 IST" name="teardown" finished-at="2022-04-25T23:19:33 IST" duration-ms="1" status="PASS">
          <reporter-output>
          </reporter-output>
        </test-method> <!-- teardown -->
      </class> <!-- com.users.testcases.TC_01_Get_All_Users -->
      <class name="com.users.testcases.TC_02_Get_SingleUSer">
        <test-method is-config="true" signature="getAllEmployees()[pri:0, instance:com.users.testcases.TC_02_Get_SingleUSer@6e4784bc]" started-at="2022-04-25T23:19:33 IST" name="getAllEmployees" finished-at="2022-04-25T23:19:37 IST" duration-ms="3613" status="PASS">
          <reporter-output>
          </reporter-output>
        </test-method> <!-- getAllEmployees -->
        <test-method signature="checkContentType()[pri:0, instance:com.users.testcases.TC_02_Get_SingleUSer@6e4784bc]" started-at="2022-04-25T23:19:37 IST" name="checkContentType" finished-at="2022-04-25T23:19:37 IST" duration-ms="10" status="PASS">
          <reporter-output>
          </reporter-output>
        </test-method> <!-- checkContentType -->
        <test-method signature="checkResponseBody()[pri:0, instance:com.users.testcases.TC_02_Get_SingleUSer@6e4784bc]" started-at="2022-04-25T23:19:37 IST" name="checkResponseBody" finished-at="2022-04-25T23:19:37 IST" duration-ms="8" status="PASS">
          <reporter-output>
          </reporter-output>
        </test-method> <!-- checkResponseBody -->
        <test-method signature="checkResponsetime()[pri:0, instance:com.users.testcases.TC_02_Get_SingleUSer@6e4784bc]" started-at="2022-04-25T23:19:37 IST" name="checkResponsetime" finished-at="2022-04-25T23:19:37 IST" duration-ms="2" status="PASS">
          <reporter-output>
          </reporter-output>
        </test-method> <!-- checkResponsetime -->
        <test-method signature="checkStatusCode()[pri:0, instance:com.users.testcases.TC_02_Get_SingleUSer@6e4784bc]" started-at="2022-04-25T23:19:37 IST" name="checkStatusCode" finished-at="2022-04-25T23:19:37 IST" duration-ms="3" status="PASS">
          <reporter-output>
          </reporter-output>
        </test-method> <!-- checkStatusCode -->
        <test-method is-config="true" signature="teardown()[pri:0, instance:com.users.testcases.TC_02_Get_SingleUSer@6e4784bc]" started-at="2022-04-25T23:19:37 IST" name="teardown" finished-at="2022-04-25T23:19:37 IST" duration-ms="0" status="PASS">
          <reporter-output>
          </reporter-output>
        </test-method> <!-- teardown -->
      </class> <!-- com.users.testcases.TC_02_Get_SingleUSer -->
    </test> <!-- restassured_Test  -->
  </suite> <!-- restassuredframework1_Suite -->
</testng-results>
