<?xml version="1.0" encoding="UTF-8"?>
<!-- Generated by org.testng.reporters.JUnitXMLReporter -->
<testsuite ignored="0" hostname="DESKTOP-8L8H5SU" failures="0" tests="5" name="Default test" time="8.484" errors="0" timestamp="2022-04-25T19:06:49 IST">
  <testcase classname="com.users.testcases.TC_03_Post_SingleUser" name="checkContentType" time="0.011"/>
  <testcase classname="com.users.testcases.TC_03_Post_SingleUser" name="checkResponseBody" time="0.059"/>
  <testcase classname="com.users.testcases.TC_03_Post_SingleUser" name="checkResponsetime" time="0.009"/>
  <testcase classname="com.users.testcases.TC_03_Post_SingleUser" name="checkStatusCode" time="0.006"/>
  <testcase classname="com.users.testcases.TC_03_Post_SingleUser" name="checkUserNameField" time="1.459"/>
</testsuite> <!-- Default test -->
