<?xml version="1.0" encoding="UTF-8"?>
<!-- Generated by org.testng.reporters.JUnitXMLReporter -->
<testsuite ignored="2" hostname="DESKTOP-8L8H5SU" failures="0" tests="13" name="restassured_Test " time="16.244" errors="0" timestamp="2022-04-25T23:19:43 IST">
  <testcase classname="com.users.testcases.TC_01_Get_All_Users" name="checkContentType" time="0.014"/>
  <testcase classname="com.users.testcases.TC_01_Get_All_Users" name="checkResponseBody" time="0.069"/>
  <testcase classname="com.users.testcases.TC_01_Get_All_Users" name="checkResponsetime" time="0.009"/>
  <testcase classname="com.users.testcases.TC_01_Get_All_Users" name="checkStatusCode" time="0.004"/>
  <testcase classname="com.users.testcases.TC_02_Get_SingleUSer" name="checkContentType" time="0.01"/>
  <testcase classname="com.users.testcases.TC_02_Get_SingleUSer" name="checkResponseBody" time="0.008"/>
  <testcase classname="com.users.testcases.TC_02_Get_SingleUSer" name="checkResponsetime" time="0.002"/>
  <testcase classname="com.users.testcases.TC_02_Get_SingleUSer" name="checkStatusCode" time="0.003"/>
  <testcase classname="com.users.testcases.TC_03_Post_SingleUser" name="checkContentType" time="0.005"/>
  <testcase classname="com.users.testcases.TC_03_Post_SingleUser" name="checkResponseBody" time="0.003"/>
  <testcase classname="com.users.testcases.TC_03_Post_SingleUser" name="checkResponsetime" time="0.001"/>
  <testcase classname="com.users.testcases.TC_03_Post_SingleUser" name="checkStatusCode" time="0.002"/>
  <testcase classname="com.users.testcases.TC_03_Post_SingleUser" name="checkUserNameField" time="1.977"/>
  <testcase classname="com.users.base.Testbase" name="@BeforeTest setup" time="0.0">
    <ignored/>
  </testcase> <!-- @BeforeTest setup -->
  <testcase classname="com.users.base.Testbase" name="@BeforeTest setup" time="0.0">
    <ignored/>
  </testcase> <!-- @BeforeTest setup -->
</testsuite> <!-- restassured_Test  -->
